<?xml version="1.0" encoding="UTF-8"?>
<!-- Generated by org.testng.reporters.JUnitReportReporter -->
<testsuite hostname="LTIN508129" failures="0" tests="3" name="com.Hack.testRunner.TestRunner" time="128.109" errors="0" timestamp="2024-04-20T16:40:14 IST" skipped="0">
  <testcase classname="com.Hack.testRunner.TestRunner" name="runScenario" time="67.258"/>
  <testcase classname="com.Hack.testRunner.TestRunner" name="runScenario" time="35.638"/>
  <testcase classname="com.Hack.testRunner.TestRunner" name="runScenario" time="25.213"/>
</testsuite> <!-- com.Hack.testRunner.TestRunner -->
