<?xml version="1.0" encoding="UTF-8"?>
<!-- Generated by org.testng.reporters.JUnitReportReporter -->
<testsuite hostname="LTIN508129" failures="0" tests="3" name="com.Hack.testCases.Main1" time="105.272" errors="0" timestamp="2024-04-20T16:32:27 IST" skipped="0">
  <testcase classname="com.Hack.testCases.Main1" name="test1" time="32.963"/>
  <testcase classname="com.Hack.testCases.Main1" name="test2" time="24.127"/>
  <testcase classname="com.Hack.testCases.Main1" name="test3" time="48.182"/>
</testsuite> <!-- com.Hack.testCases.Main1 -->
