<?xml version="1.0" encoding="UTF-8"?>
<!-- Generated by org.testng.reporters.JUnitReportReporter -->
<testsuite hostname="LTIN508129" failures="0" tests="3" name="test_runner.test_runner" time="250.691" errors="0" timestamp="2024-04-24T09:31:54 IST" skipped="0">
  <testcase classname="test_runner.test_runner" name="runScenario" time="63.802"/>
  <testcase classname="test_runner.test_runner" name="runScenario" time="104.091"/>
  <testcase classname="test_runner.test_runner" name="runScenario" time="82.798"/>
</testsuite> <!-- test_runner.test_runner -->
