<?xml version="1.0" encoding="UTF-8"?>
<!-- Generated by org.testng.reporters.JUnitReportReporter -->
<testsuite hostname="LTIN508129" failures="0" tests="3" name="test_scenarios.Main" time="898.720" errors="0" timestamp="2024-04-20T16:28:27 IST" skipped="0">
  <testcase classname="test_scenarios.Main" name="homepage" time="409.976"/>
  <testcase classname="test_scenarios.Main" name="hotelpage" time="210.341"/>
  <testcase classname="test_scenarios.Main" name="cruise" time="278.403"/>
</testsuite> <!-- test_scenarios.Main -->
